
> eka-seowebsite@1.0.0 build
> next build

   ▲ Next.js 15.5.9
   - Environments: .env

   Creating an optimized production build ...
 ✓ Compiled successfully in 26.8s
   Linting and checking validity of types ...

 ⚠ The Next.js plugin was not detected in your ESLint configuration. See https://nextjs.org/docs/app/api-reference/config/eslint#migrating-existing-config
   Collecting page data ...
   Generating static pages (0/9) ...
   Generating static pages (2/9)
   Generating static pages (4/9)
   Generating static pages (6/9)
 ✓ Generating static pages (9/9)
   Finalizing page optimization ...
   Collecting build traces ...

Route (app)                                 Size  First Load JS
┌ ƒ /                                     7.3 kB         468 kB
├ ○ /_not-found                            132 B         102 kB
├ ƒ /360-revision                        13.6 kB         364 kB
├ ƒ /about-elena                         2.24 kB         463 kB
├ ƒ /agenyz                              5.49 kB         482 kB
├ ƒ /agenyz/[id]                          3.6 kB         480 kB
├ ƒ /api/[[...route]]                      132 B         102 kB
├ ƒ /booking                             5.63 kB         353 kB
├ ƒ /cases                               3.63 kB         464 kB
├ ƒ /cases/[id]                          3.14 kB         425 kB
├ ƒ /contact                             31.9 kB         489 kB
├ ƒ /cookie-policy                       1.34 kB         349 kB
├ ƒ /discounts                           6.41 kB         354 kB
├ ƒ /discovery                           7.32 kB         320 kB
├ ƒ /first-time                          9.57 kB         361 kB
├ ƒ /for-athletes                           2 kB         462 kB
├ ƒ /for-musicians                       1.99 kB         462 kB
├ ƒ /for-office-workers                  1.98 kB         462 kB
├ ƒ /for-parents                         2.06 kB         462 kB
├ ƒ /for-students                         2.1 kB         462 kB
├ ƒ /personalized-services               3.75 kB         464 kB
├ ƒ /privacy-policy                       3.5 kB         351 kB
├ ƒ /services                            3.55 kB         464 kB
├ ƒ /services/adults                     2.35 kB         463 kB
├ ƒ /services/artists                     2.8 kB         463 kB
├ ƒ /services/athletes                      2 kB         462 kB
├ ƒ /services/children                    2.5 kB         463 kB
├ ƒ /services/families                   2.37 kB         463 kB
├ ƒ /services/kinesiology                3.02 kB         460 kB
├ ƒ /services/massage                    2.85 kB         460 kB
├ ƒ /services/musicians                  1.99 kB         462 kB
├ ƒ /services/nutrition                  2.99 kB         460 kB
├ ƒ /services/office-workers             1.98 kB         462 kB
├ ƒ /services/students                    2.1 kB         462 kB
├ ● /technique/[id]                      1.63 kB         353 kB
├   ├ /technique/myofascial
├   ├ /technique/kinesio
├   ├ /technique/reflexology
├   └ [+3 more paths]
├ ƒ /terms-of-service                    2.57 kB         350 kB
└ ƒ /vip                                 4.81 kB         356 kB
+ First Load JS shared by all             102 kB
  ├ chunks/1255-8befde0980f5cba9.js      45.6 kB
  ├ chunks/4bd1b696-100b9d70ed4e49c1.js  54.2 kB
  └ other shared chunks (total)          1.96 kB


○  (Static)   prerendered as static content
●  (SSG)      prerendered as static HTML (uses generateStaticParams)
ƒ  (Dynamic)  server-rendered on demand
